This is pdfTeX, Version 3.14159265-2.6-1.40.16 (MiKTeX 2.9) (preloaded format=pdflatex 2016.3.29)  5 NOV 2018 20:13
entering extended mode
**./portfolio.tex
(portfolio.tex
LaTeX2e <2015/10/01> patch level 2
Babel <3.9n> and hyphenation patterns for 69 languages loaded.

("C:\Users\Chad Collins\AppData\Local\Programs\MiKTeX 2.9\tex\latex\base\articl
e.cls"
Document Class: article 2014/09/29 v1.4h Standard LaTeX document class

("C:\Users\Chad Collins\AppData\Local\Programs\MiKTeX 2.9\tex\latex\base\size12
.clo"
File: size12.clo 2014/09/29 v1.4h Standard LaTeX file (size option)
)
\c@part=\count79
\c@section=\count80
\c@subsection=\count81
\c@subsubsection=\count82
\c@paragraph=\count83
\c@subparagraph=\count84
\c@figure=\count85
\c@table=\count86
\abovecaptionskip=\skip41
\belowcaptionskip=\skip42
\bibindent=\dimen102
)
("C:\Users\Chad Collins\AppData\Local\Programs\MiKTeX 2.9\tex\latex\geometry\ge
ometry.sty"
Package: geometry 2010/09/12 v5.6 Page Geometry

("C:\Users\Chad Collins\AppData\Local\Programs\MiKTeX 2.9\tex\latex\graphics\ke
yval.sty"
Package: keyval 2014/10/28 v1.15 key=value parser (DPC)
\KV@toks@=\toks14
)
("C:\Users\Chad Collins\AppData\Local\Programs\MiKTeX 2.9\tex\generic\oberdiek\
ifpdf.sty"
Package: ifpdf 2011/01/30 v2.3 Provides the ifpdf switch (HO)
Package ifpdf Info: pdfTeX in PDF mode is detected.
)
("C:\Users\Chad Collins\AppData\Local\Programs\MiKTeX 2.9\tex\generic\oberdiek\
ifvtex.sty"
Package: ifvtex 2010/03/01 v1.5 Detect VTeX and its facilities (HO)
Package ifvtex Info: VTeX not detected.
)
("C:\Users\Chad Collins\AppData\Local\Programs\MiKTeX 2.9\tex\generic\ifxetex\i
fxetex.sty"
Package: ifxetex 2010/09/12 v0.6 Provides ifxetex conditional
)
\Gm@cnth=\count87
\Gm@cntv=\count88
\c@Gm@tempcnt=\count89
\Gm@bindingoffset=\dimen103
\Gm@wd@mp=\dimen104
\Gm@odd@mp=\dimen105
\Gm@even@mp=\dimen106
\Gm@layoutwidth=\dimen107
\Gm@layoutheight=\dimen108
\Gm@layouthoffset=\dimen109
\Gm@layoutvoffset=\dimen110
\Gm@dimlist=\toks15

("C:\Users\Chad Collins\AppData\Local\Programs\MiKTeX 2.9\tex\latex\geometry\ge
ometry.cfg"))
("C:\Users\Chad Collins\AppData\Local\Programs\MiKTeX 2.9\tex\latex\tools\array
.sty"
Package: array 2014/10/28 v2.4c Tabular extension package (FMi)
\col@sep=\dimen111
\extrarowheight=\dimen112
\NC@list=\toks16
\extratabsurround=\skip43
\backup@length=\skip44
)
("C:\Users\Chad Collins\AppData\Local\Programs\MiKTeX 2.9\tex\latex\tools\enume
rate.sty"
Package: enumerate 2015/07/23 v3.00 enumerate extensions (DPC)
\@enLab=\toks17
)
("C:\Users\Chad Collins\AppData\Local\Programs\MiKTeX 2.9\tex\latex\enumitem\en
umitem.sty"
Package: enumitem 2011/09/28 v3.5.2 Customized lists
\labelindent=\skip45
\enit@outerparindent=\dimen113
\enit@toks=\toks18
\enit@inbox=\box26
\enitdp@description=\count90
)
("C:\Users\Chad Collins\AppData\Local\Programs\MiKTeX 2.9\tex\latex\amsfonts\am
ssymb.sty"
Package: amssymb 2013/01/14 v3.01 AMS font symbols

("C:\Users\Chad Collins\AppData\Local\Programs\MiKTeX 2.9\tex\latex\amsfonts\am
sfonts.sty"
Package: amsfonts 2013/01/14 v3.01 Basic AMSFonts support
\@emptytoks=\toks19
\symAMSa=\mathgroup4
\symAMSb=\mathgroup5
LaTeX Font Info:    Overwriting math alphabet `\mathfrak' in version `bold'
(Font)                  U/euf/m/n --> U/euf/b/n on input line 106.
))
("C:\Users\Chad Collins\AppData\Local\Programs\MiKTeX 2.9\tex\latex\amscls\amst
hm.sty"
Package: amsthm 2015/03/04 v2.20.2
\thm@style=\toks20
\thm@bodyfont=\toks21
\thm@headfont=\toks22
\thm@notefont=\toks23
\thm@headpunct=\toks24
\thm@preskip=\skip46
\thm@postskip=\skip47
\thm@headsep=\skip48
\dth@everypar=\toks25
)
("C:\Users\Chad Collins\AppData\Local\Programs\MiKTeX 2.9\tex\latex\amsmath\ams
math.sty"
Package: amsmath 2013/01/14 v2.14 AMS math features
\@mathmargin=\skip49

For additional information on amsmath, use the `?' option.

("C:\Users\Chad Collins\AppData\Local\Programs\MiKTeX 2.9\tex\latex\amsmath\ams
text.sty"
Package: amstext 2000/06/29 v2.01

("C:\Users\Chad Collins\AppData\Local\Programs\MiKTeX 2.9\tex\latex\amsmath\ams
gen.sty"
File: amsgen.sty 1999/11/30 v2.0
\@emptytoks=\toks26
\ex@=\dimen114
))
("C:\Users\Chad Collins\AppData\Local\Programs\MiKTeX 2.9\tex\latex\amsmath\ams
bsy.sty"
Package: amsbsy 1999/11/29 v1.2d
\pmbraise@=\dimen115
)
("C:\Users\Chad Collins\AppData\Local\Programs\MiKTeX 2.9\tex\latex\amsmath\ams
opn.sty"
Package: amsopn 1999/12/14 v2.01 operator names
)
\inf@bad=\count91
LaTeX Info: Redefining \frac on input line 210.
\uproot@=\count92
\leftroot@=\count93
LaTeX Info: Redefining \overline on input line 306.
\classnum@=\count94
\DOTSCASE@=\count95
LaTeX Info: Redefining \ldots on input line 378.
LaTeX Info: Redefining \dots on input line 381.
LaTeX Info: Redefining \cdots on input line 466.
\Mathstrutbox@=\box27
\strutbox@=\box28
\big@size=\dimen116
LaTeX Font Info:    Redeclaring font encoding OML on input line 566.
LaTeX Font Info:    Redeclaring font encoding OMS on input line 567.
\macc@depth=\count96
\c@MaxMatrixCols=\count97
\dotsspace@=\muskip10
\c@parentequation=\count98
\dspbrk@lvl=\count99
\tag@help=\toks27
\row@=\count100
\column@=\count101
\maxfields@=\count102
\andhelp@=\toks28
\eqnshift@=\dimen117
\alignsep@=\dimen118
\tagshift@=\dimen119
\tagwidth@=\dimen120
\totwidth@=\dimen121
\lineht@=\dimen122
\@envbody=\toks29
\multlinegap=\skip50
\multlinetaggap=\skip51
\mathdisplay@stack=\toks30
LaTeX Info: Redefining \[ on input line 2665.
LaTeX Info: Redefining \] on input line 2666.
)
("C:\Users\Chad Collins\AppData\Local\Programs\MiKTeX 2.9\tex\latex\graphics\gr
aphicx.sty"
Package: graphicx 2014/10/28 v1.0g Enhanced LaTeX Graphics (DPC,SPQR)

("C:\Users\Chad Collins\AppData\Local\Programs\MiKTeX 2.9\tex\latex\graphics\gr
aphics.sty"
Package: graphics 2014/10/28 v1.0p Standard LaTeX Graphics (DPC,SPQR)

("C:\Users\Chad Collins\AppData\Local\Programs\MiKTeX 2.9\tex\latex\graphics\tr
ig.sty"
Package: trig 1999/03/16 v1.09 sin cos tan (DPC)
)
("C:\Users\Chad Collins\AppData\Local\Programs\MiKTeX 2.9\tex\latex\00miktex\gr
aphics.cfg"
File: graphics.cfg 2007/01/18 v1.5 graphics configuration of teTeX/TeXLive
)
Package graphics Info: Driver file: pdftex.def on input line 94.

("C:\Users\Chad Collins\AppData\Local\Programs\MiKTeX 2.9\tex\latex\pdftex-def\
pdftex.def"
File: pdftex.def 2011/05/27 v0.06d Graphics/color for pdfTeX

("C:\Users\Chad Collins\AppData\Local\Programs\MiKTeX 2.9\tex\generic\oberdiek\
infwarerr.sty"
Package: infwarerr 2010/04/08 v1.3 Providing info/warning/error messages (HO)
)
("C:\Users\Chad Collins\AppData\Local\Programs\MiKTeX 2.9\tex\generic\oberdiek\
ltxcmds.sty"
Package: ltxcmds 2011/11/09 v1.22 LaTeX kernel commands for general use (HO)
)
\Gread@gobject=\count103
))
\Gin@req@height=\dimen123
\Gin@req@width=\dimen124
)
("C:\Users\Chad Collins\AppData\Local\Programs\MiKTeX 2.9\tex\latex\fancyhdr\fa
ncyhdr.sty"
\fancy@headwidth=\skip52
\f@ncyO@elh=\skip53
\f@ncyO@erh=\skip54
\f@ncyO@olh=\skip55
\f@ncyO@orh=\skip56
\f@ncyO@elf=\skip57
\f@ncyO@erf=\skip58
\f@ncyO@olf=\skip59
\f@ncyO@orf=\skip60
)
("C:\Users\Chad Collins\AppData\Local\Programs\MiKTeX 2.9\tex\latex\tools\multi
col.sty"
Package: multicol 2015/08/19 v1.8n multicolumn formatting (FMi)
\c@tracingmulticols=\count104
\mult@box=\box29
\multicol@leftmargin=\dimen125
\c@unbalance=\count105
\c@collectmore=\count106
\doublecol@number=\count107
\multicoltolerance=\count108
\multicolpretolerance=\count109
\full@width=\dimen126
\page@free=\dimen127
\premulticols=\dimen128
\postmulticols=\dimen129
\multicolsep=\skip61
\multicolbaselineskip=\skip62
\partial@page=\box30
\last@line=\box31
\maxbalancingoverflow=\dimen130
\mult@rightbox=\box32
\mult@grightbox=\box33
\mult@gfirstbox=\box34
\mult@firstbox=\box35
\@tempa=\box36
\@tempa=\box37
\@tempa=\box38
\@tempa=\box39
\@tempa=\box40
\@tempa=\box41
\@tempa=\box42
\@tempa=\box43
\@tempa=\box44
\@tempa=\box45
\@tempa=\box46
\@tempa=\box47
\@tempa=\box48
\@tempa=\box49
\@tempa=\box50
\@tempa=\box51
\@tempa=\box52
\c@columnbadness=\count110
\c@finalcolumnbadness=\count111
\last@try=\dimen131
\multicolovershoot=\dimen132
\multicolundershoot=\dimen133
\mult@nat@firstbox=\box53
\colbreak@box=\box54
\mc@col@check@num=\count112
)
("C:\Users\Chad Collins\AppData\Local\Programs\MiKTeX 2.9\tex\latex\tikz-cd\tik
z-cd.sty"
Package: tikz-cd 2014/10/30 v0.9e Commutative diagrams with tikz

("C:\Users\Chad Collins\AppData\Local\Programs\MiKTeX 2.9\tex\latex\pgf\fronten
dlayer\tikz.sty"
("C:\Users\Chad Collins\AppData\Local\Programs\MiKTeX 2.9\tex\latex\pgf\basicla
yer\pgf.sty"
("C:\Users\Chad Collins\AppData\Local\Programs\MiKTeX 2.9\tex\latex\pgf\utiliti
es\pgfrcs.sty"
("C:\Users\Chad Collins\AppData\Local\Programs\MiKTeX 2.9\tex\generic\pgf\utili
ties\pgfutil-common.tex"
\pgfutil@everybye=\toks31
\pgfutil@tempdima=\dimen134
\pgfutil@tempdimb=\dimen135

("C:\Users\Chad Collins\AppData\Local\Programs\MiKTeX 2.9\tex\generic\pgf\utili
ties\pgfutil-common-lists.tex"))
("C:\Users\Chad Collins\AppData\Local\Programs\MiKTeX 2.9\tex\generic\pgf\utili
ties\pgfutil-latex.def"
\pgfutil@abb=\box55

("C:\Users\Chad Collins\AppData\Local\Programs\MiKTeX 2.9\tex\latex\ms\everyshi
.sty"
Package: everyshi 2001/05/15 v3.00 EveryShipout Package (MS)
))
("C:\Users\Chad Collins\AppData\Local\Programs\MiKTeX 2.9\tex\generic\pgf\utili
ties\pgfrcs.code.tex"
Package: pgfrcs 2015/08/07 v3.0.1a (rcs-revision 1.31)
))
Package: pgf 2015/08/07 v3.0.1a (rcs-revision 1.15)

("C:\Users\Chad Collins\AppData\Local\Programs\MiKTeX 2.9\tex\latex\pgf\basicla
yer\pgfcore.sty"
("C:\Users\Chad Collins\AppData\Local\Programs\MiKTeX 2.9\tex\latex\pgf\systeml
ayer\pgfsys.sty"
("C:\Users\Chad Collins\AppData\Local\Programs\MiKTeX 2.9\tex\generic\pgf\syste
mlayer\pgfsys.code.tex"
Package: pgfsys 2014/07/09 v3.0.1a (rcs-revision 1.48)

("C:\Users\Chad Collins\AppData\Local\Programs\MiKTeX 2.9\tex\generic\pgf\utili
ties\pgfkeys.code.tex"
\pgfkeys@pathtoks=\toks32
\pgfkeys@temptoks=\toks33

("C:\Users\Chad Collins\AppData\Local\Programs\MiKTeX 2.9\tex\generic\pgf\utili
ties\pgfkeysfiltered.code.tex"
\pgfkeys@tmptoks=\toks34
))
\pgf@x=\dimen136
\pgf@y=\dimen137
\pgf@xa=\dimen138
\pgf@ya=\dimen139
\pgf@xb=\dimen140
\pgf@yb=\dimen141
\pgf@xc=\dimen142
\pgf@yc=\dimen143
\w@pgf@writea=\write3
\r@pgf@reada=\read1
\c@pgf@counta=\count113
\c@pgf@countb=\count114
\c@pgf@countc=\count115
\c@pgf@countd=\count116
\t@pgf@toka=\toks35
\t@pgf@tokb=\toks36
\t@pgf@tokc=\toks37

("C:\Users\Chad Collins\AppData\Local\Programs\MiKTeX 2.9\tex\generic\pgf\syste
mlayer\pgf.cfg"
File: pgf.cfg 2008/05/14  (rcs-revision 1.7)
)
Driver file for pgf: pgfsys-pdftex.def

("C:\Users\Chad Collins\AppData\Local\Programs\MiKTeX 2.9\tex\generic\pgf\syste
mlayer\pgfsys-pdftex.def"
File: pgfsys-pdftex.def 2014/10/11  (rcs-revision 1.35)

("C:\Users\Chad Collins\AppData\Local\Programs\MiKTeX 2.9\tex\generic\pgf\syste
mlayer\pgfsys-common-pdf.def"
File: pgfsys-common-pdf.def 2013/10/10  (rcs-revision 1.13)
)))
("C:\Users\Chad Collins\AppData\Local\Programs\MiKTeX 2.9\tex\generic\pgf\syste
mlayer\pgfsyssoftpath.code.tex"
File: pgfsyssoftpath.code.tex 2013/09/09  (rcs-revision 1.9)
\pgfsyssoftpath@smallbuffer@items=\count117
\pgfsyssoftpath@bigbuffer@items=\count118
)
("C:\Users\Chad Collins\AppData\Local\Programs\MiKTeX 2.9\tex\generic\pgf\syste
mlayer\pgfsysprotocol.code.tex"
File: pgfsysprotocol.code.tex 2006/10/16  (rcs-revision 1.4)
))
("C:\Users\Chad Collins\AppData\Local\Programs\MiKTeX 2.9\tex\latex\xcolor\xcol
or.sty"
Package: xcolor 2016/05/11 v2.12 LaTeX color extensions (UK)

("C:\Users\Chad Collins\AppData\Local\Programs\MiKTeX 2.9\tex\latex\00miktex\co
lor.cfg"
File: color.cfg 2007/01/18 v1.5 color configuration of teTeX/TeXLive
)
Package xcolor Info: Driver file: pdftex.def on input line 225.
Package xcolor Info: Model `cmy' substituted by `cmy0' on input line 1348.
Package xcolor Info: Model `hsb' substituted by `rgb' on input line 1352.
Package xcolor Info: Model `RGB' extended on input line 1364.
Package xcolor Info: Model `HTML' substituted by `rgb' on input line 1366.
Package xcolor Info: Model `Hsb' substituted by `hsb' on input line 1367.
Package xcolor Info: Model `tHsb' substituted by `hsb' on input line 1368.
Package xcolor Info: Model `HSB' substituted by `hsb' on input line 1369.
Package xcolor Info: Model `Gray' substituted by `gray' on input line 1370.
Package xcolor Info: Model `wave' substituted by `hsb' on input line 1371.
)
("C:\Users\Chad Collins\AppData\Local\Programs\MiKTeX 2.9\tex\generic\pgf\basic
layer\pgfcore.code.tex"
Package: pgfcore 2010/04/11 v3.0.1a (rcs-revision 1.7)

("C:\Users\Chad Collins\AppData\Local\Programs\MiKTeX 2.9\tex\generic\pgf\math\
pgfmath.code.tex"
("C:\Users\Chad Collins\AppData\Local\Programs\MiKTeX 2.9\tex\generic\pgf\math\
pgfmathcalc.code.tex"
("C:\Users\Chad Collins\AppData\Local\Programs\MiKTeX 2.9\tex\generic\pgf\math\
pgfmathutil.code.tex")
("C:\Users\Chad Collins\AppData\Local\Programs\MiKTeX 2.9\tex\generic\pgf\math\
pgfmathparser.code.tex"
\pgfmath@dimen=\dimen144
\pgfmath@count=\count119
\pgfmath@box=\box56
\pgfmath@toks=\toks38
\pgfmath@stack@operand=\toks39
\pgfmath@stack@operation=\toks40
)
("C:\Users\Chad Collins\AppData\Local\Programs\MiKTeX 2.9\tex\generic\pgf\math\
pgfmathfunctions.code.tex"
("C:\Users\Chad Collins\AppData\Local\Programs\MiKTeX 2.9\tex\generic\pgf\math\
pgfmathfunctions.basic.code.tex")
("C:\Users\Chad Collins\AppData\Local\Programs\MiKTeX 2.9\tex\generic\pgf\math\
pgfmathfunctions.trigonometric.code.tex")
("C:\Users\Chad Collins\AppData\Local\Programs\MiKTeX 2.9\tex\generic\pgf\math\
pgfmathfunctions.random.code.tex")
("C:\Users\Chad Collins\AppData\Local\Programs\MiKTeX 2.9\tex\generic\pgf\math\
pgfmathfunctions.comparison.code.tex")
("C:\Users\Chad Collins\AppData\Local\Programs\MiKTeX 2.9\tex\generic\pgf\math\
pgfmathfunctions.base.code.tex")
("C:\Users\Chad Collins\AppData\Local\Programs\MiKTeX 2.9\tex\generic\pgf\math\
pgfmathfunctions.round.code.tex")
("C:\Users\Chad Collins\AppData\Local\Programs\MiKTeX 2.9\tex\generic\pgf\math\
pgfmathfunctions.misc.code.tex")
("C:\Users\Chad Collins\AppData\Local\Programs\MiKTeX 2.9\tex\generic\pgf\math\
pgfmathfunctions.integerarithmetics.code.tex")))
("C:\Users\Chad Collins\AppData\Local\Programs\MiKTeX 2.9\tex\generic\pgf\math\
pgfmathfloat.code.tex"
\c@pgfmathroundto@lastzeros=\count120
))
("C:\Users\Chad Collins\AppData\Local\Programs\MiKTeX 2.9\tex\generic\pgf\basic
layer\pgfcorepoints.code.tex"
File: pgfcorepoints.code.tex 2013/10/07  (rcs-revision 1.27)
\pgf@picminx=\dimen145
\pgf@picmaxx=\dimen146
\pgf@picminy=\dimen147
\pgf@picmaxy=\dimen148
\pgf@pathminx=\dimen149
\pgf@pathmaxx=\dimen150
\pgf@pathminy=\dimen151
\pgf@pathmaxy=\dimen152
\pgf@xx=\dimen153
\pgf@xy=\dimen154
\pgf@yx=\dimen155
\pgf@yy=\dimen156
\pgf@zx=\dimen157
\pgf@zy=\dimen158
)
("C:\Users\Chad Collins\AppData\Local\Programs\MiKTeX 2.9\tex\generic\pgf\basic
layer\pgfcorepathconstruct.code.tex"
File: pgfcorepathconstruct.code.tex 2013/10/07  (rcs-revision 1.29)
\pgf@path@lastx=\dimen159
\pgf@path@lasty=\dimen160
)
("C:\Users\Chad Collins\AppData\Local\Programs\MiKTeX 2.9\tex\generic\pgf\basic
layer\pgfcorepathusage.code.tex"
File: pgfcorepathusage.code.tex 2014/11/02  (rcs-revision 1.24)
\pgf@shorten@end@additional=\dimen161
\pgf@shorten@start@additional=\dimen162
)
("C:\Users\Chad Collins\AppData\Local\Programs\MiKTeX 2.9\tex\generic\pgf\basic
layer\pgfcorescopes.code.tex"
File: pgfcorescopes.code.tex 2015/05/08  (rcs-revision 1.46)
\pgfpic=\box57
\pgf@hbox=\box58
\pgf@layerbox@main=\box59
\pgf@picture@serial@count=\count121
)
("C:\Users\Chad Collins\AppData\Local\Programs\MiKTeX 2.9\tex\generic\pgf\basic
layer\pgfcoregraphicstate.code.tex"
File: pgfcoregraphicstate.code.tex 2014/11/02  (rcs-revision 1.12)
\pgflinewidth=\dimen163
)
("C:\Users\Chad Collins\AppData\Local\Programs\MiKTeX 2.9\tex\generic\pgf\basic
layer\pgfcoretransformations.code.tex"
File: pgfcoretransformations.code.tex 2015/08/07  (rcs-revision 1.20)
\pgf@pt@x=\dimen164
\pgf@pt@y=\dimen165
\pgf@pt@temp=\dimen166
)
("C:\Users\Chad Collins\AppData\Local\Programs\MiKTeX 2.9\tex\generic\pgf\basic
layer\pgfcorequick.code.tex"
File: pgfcorequick.code.tex 2008/10/09  (rcs-revision 1.3)
)
("C:\Users\Chad Collins\AppData\Local\Programs\MiKTeX 2.9\tex\generic\pgf\basic
layer\pgfcoreobjects.code.tex"
File: pgfcoreobjects.code.tex 2006/10/11  (rcs-revision 1.2)
)
("C:\Users\Chad Collins\AppData\Local\Programs\MiKTeX 2.9\tex\generic\pgf\basic
layer\pgfcorepathprocessing.code.tex"
File: pgfcorepathprocessing.code.tex 2013/09/09  (rcs-revision 1.9)
)
("C:\Users\Chad Collins\AppData\Local\Programs\MiKTeX 2.9\tex\generic\pgf\basic
layer\pgfcorearrows.code.tex"
File: pgfcorearrows.code.tex 2015/05/14  (rcs-revision 1.43)
\pgfarrowsep=\dimen167
)
("C:\Users\Chad Collins\AppData\Local\Programs\MiKTeX 2.9\tex\generic\pgf\basic
layer\pgfcoreshade.code.tex"
File: pgfcoreshade.code.tex 2013/07/15  (rcs-revision 1.15)
\pgf@max=\dimen168
\pgf@sys@shading@range@num=\count122
)
("C:\Users\Chad Collins\AppData\Local\Programs\MiKTeX 2.9\tex\generic\pgf\basic
layer\pgfcoreimage.code.tex"
File: pgfcoreimage.code.tex 2013/07/15  (rcs-revision 1.18)

("C:\Users\Chad Collins\AppData\Local\Programs\MiKTeX 2.9\tex\generic\pgf\basic
layer\pgfcoreexternal.code.tex"
File: pgfcoreexternal.code.tex 2014/07/09  (rcs-revision 1.21)
\pgfexternal@startupbox=\box60
))
("C:\Users\Chad Collins\AppData\Local\Programs\MiKTeX 2.9\tex\generic\pgf\basic
layer\pgfcorelayers.code.tex"
File: pgfcorelayers.code.tex 2013/07/18  (rcs-revision 1.7)
)
("C:\Users\Chad Collins\AppData\Local\Programs\MiKTeX 2.9\tex\generic\pgf\basic
layer\pgfcoretransparency.code.tex"
File: pgfcoretransparency.code.tex 2013/09/30  (rcs-revision 1.5)
)
("C:\Users\Chad Collins\AppData\Local\Programs\MiKTeX 2.9\tex\generic\pgf\basic
layer\pgfcorepatterns.code.tex"
File: pgfcorepatterns.code.tex 2013/11/07  (rcs-revision 1.5)
)))
("C:\Users\Chad Collins\AppData\Local\Programs\MiKTeX 2.9\tex\generic\pgf\modul
es\pgfmoduleshapes.code.tex"
File: pgfmoduleshapes.code.tex 2014/03/21  (rcs-revision 1.35)
\pgfnodeparttextbox=\box61
)
("C:\Users\Chad Collins\AppData\Local\Programs\MiKTeX 2.9\tex\generic\pgf\modul
es\pgfmoduleplot.code.tex"
File: pgfmoduleplot.code.tex 2015/08/03  (rcs-revision 1.13)
)
("C:\Users\Chad Collins\AppData\Local\Programs\MiKTeX 2.9\tex\latex\pgf\compati
bility\pgfcomp-version-0-65.sty"
Package: pgfcomp-version-0-65 2007/07/03 v3.0.1a (rcs-revision 1.7)
\pgf@nodesepstart=\dimen169
\pgf@nodesepend=\dimen170
)
("C:\Users\Chad Collins\AppData\Local\Programs\MiKTeX 2.9\tex\latex\pgf\compati
bility\pgfcomp-version-1-18.sty"
Package: pgfcomp-version-1-18 2007/07/23 v3.0.1a (rcs-revision 1.1)
))
("C:\Users\Chad Collins\AppData\Local\Programs\MiKTeX 2.9\tex\latex\pgf\utiliti
es\pgffor.sty"
("C:\Users\Chad Collins\AppData\Local\Programs\MiKTeX 2.9\tex\latex\pgf\utiliti
es\pgfkeys.sty"
("C:\Users\Chad Collins\AppData\Local\Programs\MiKTeX 2.9\tex\generic\pgf\utili
ties\pgfkeys.code.tex"))
("C:\Users\Chad Collins\AppData\Local\Programs\MiKTeX 2.9\tex\latex\pgf\math\pg
fmath.sty"
("C:\Users\Chad Collins\AppData\Local\Programs\MiKTeX 2.9\tex\generic\pgf\math\
pgfmath.code.tex"))
("C:\Users\Chad Collins\AppData\Local\Programs\MiKTeX 2.9\tex\generic\pgf\utili
ties\pgffor.code.tex"
Package: pgffor 2013/12/13 v3.0.1a (rcs-revision 1.25)

("C:\Users\Chad Collins\AppData\Local\Programs\MiKTeX 2.9\tex\generic\pgf\math\
pgfmath.code.tex")
\pgffor@iter=\dimen171
\pgffor@skip=\dimen172
\pgffor@stack=\toks41
\pgffor@toks=\toks42
))
("C:\Users\Chad Collins\AppData\Local\Programs\MiKTeX 2.9\tex\generic\pgf\front
endlayer\tikz\tikz.code.tex"
Package: tikz 2015/08/07 v3.0.1a (rcs-revision 1.151)

("C:\Users\Chad Collins\AppData\Local\Programs\MiKTeX 2.9\tex\generic\pgf\libra
ries\pgflibraryplothandlers.code.tex"
File: pgflibraryplothandlers.code.tex 2013/08/31 v3.0.1a (rcs-revision 1.20)
\pgf@plot@mark@count=\count123
\pgfplotmarksize=\dimen173
)
\tikz@lastx=\dimen174
\tikz@lasty=\dimen175
\tikz@lastxsaved=\dimen176
\tikz@lastysaved=\dimen177
\tikzleveldistance=\dimen178
\tikzsiblingdistance=\dimen179
\tikz@figbox=\box62
\tikz@figbox@bg=\box63
\tikz@tempbox=\box64
\tikz@tempbox@bg=\box65
\tikztreelevel=\count124
\tikznumberofchildren=\count125
\tikznumberofcurrentchild=\count126
\tikz@fig@count=\count127

("C:\Users\Chad Collins\AppData\Local\Programs\MiKTeX 2.9\tex\generic\pgf\modul
es\pgfmodulematrix.code.tex"
File: pgfmodulematrix.code.tex 2013/09/17  (rcs-revision 1.8)
\pgfmatrixcurrentrow=\count128
\pgfmatrixcurrentcolumn=\count129
\pgf@matrix@numberofcolumns=\count130
)
\tikz@expandcount=\count131

("C:\Users\Chad Collins\AppData\Local\Programs\MiKTeX 2.9\tex\generic\pgf\front
endlayer\tikz\libraries\tikzlibrarytopaths.code.tex"
File: tikzlibrarytopaths.code.tex 2008/06/17 v3.0.1a (rcs-revision 1.2)
)))
("C:\Users\Chad Collins\AppData\Local\Programs\MiKTeX 2.9\tex\generic\tikz-cd\t
ikzlibrarycd.code.tex"
("C:\Users\Chad Collins\AppData\Local\Programs\MiKTeX 2.9\tex\generic\pgf\front
endlayer\tikz\libraries\tikzlibrarymatrix.code.tex"
File: tikzlibrarymatrix.code.tex 2013/07/12 v3.0.1a (rcs-revision 1.4)
)
("C:\Users\Chad Collins\AppData\Local\Programs\MiKTeX 2.9\tex\generic\pgf\front
endlayer\tikz\libraries\tikzlibraryquotes.code.tex"
File: tikzlibraryquotes.code.tex 2014/03/21 v3.0.1a (rcs-revision 1.4)
)
("C:\Users\Chad Collins\AppData\Local\Programs\MiKTeX 2.9\tex\generic\pgf\libra
ries\pgflibraryarrows.meta.code.tex"
File: pgflibraryarrows.meta.code.tex 2015/05/13 v3.0.1a (rcs-revision 1.13)
\pgfarrowinset=\dimen180
\pgfarrowlength=\dimen181
\pgfarrowwidth=\dimen182
\pgfarrowlinewidth=\dimen183
))) (mathtools.sty
Package: mathtools 2018/01/08 v1.21 mathematical typesetting tools

("C:\Users\Chad Collins\AppData\Local\Programs\MiKTeX 2.9\tex\latex\tools\calc.
sty"
Package: calc 2014/10/28 v4.3 Infix arithmetic (KKT,FJ)
\calc@Acount=\count132
\calc@Bcount=\count133
\calc@Adimen=\dimen184
\calc@Bdimen=\dimen185
\calc@Askip=\skip63
\calc@Bskip=\skip64
LaTeX Info: Redefining \setlength on input line 80.
LaTeX Info: Redefining \addtolength on input line 81.
\calc@Ccount=\count134
\calc@Cskip=\skip65
) (mhsetup.sty
Package: mhsetup 2017/03/31 v1.3 programming setup (MH)
)

LaTeX Warning: You have requested, on input line 116, version
               `2016/11/05' of package amsmath,
               but only version
               `2013/01/14 v2.14 AMS math features'
               is available.

LaTeX Info: Thecontrolsequence`\('isalreadyrobust on input line 129.
LaTeX Info: Thecontrolsequence`\)'isalreadyrobust on input line 129.
LaTeX Info: Thecontrolsequence`\['isalreadyrobust on input line 129.
LaTeX Info: Thecontrolsequence`\]'isalreadyrobust on input line 129.
\g_MT_multlinerow_int=\count135
\l_MT_multwidth_dim=\dimen186
\origjot=\skip66
\l_MT_shortvdotswithinadjustabove_dim=\dimen187
\l_MT_shortvdotswithinadjustbelow_dim=\dimen188
\l_MT_above_intertext_sep=\dimen189
\l_MT_below_intertext_sep=\dimen190
\l_MT_above_shortintertext_sep=\dimen191
\l_MT_below_shortintertext_sep=\dimen192
) (portfolio.aux)
\openout1 = `portfolio.aux'.

LaTeX Font Info:    Checking defaults for OML/cmm/m/it on input line 70.
LaTeX Font Info:    ... okay on input line 70.
LaTeX Font Info:    Checking defaults for T1/cmr/m/n on input line 70.
LaTeX Font Info:    ... okay on input line 70.
LaTeX Font Info:    Checking defaults for OT1/cmr/m/n on input line 70.
LaTeX Font Info:    ... okay on input line 70.
LaTeX Font Info:    Checking defaults for OMS/cmsy/m/n on input line 70.
LaTeX Font Info:    ... okay on input line 70.
LaTeX Font Info:    Checking defaults for OMX/cmex/m/n on input line 70.
LaTeX Font Info:    ... okay on input line 70.
LaTeX Font Info:    Checking defaults for U/cmr/m/n on input line 70.
LaTeX Font Info:    ... okay on input line 70.

*geometry* driver: auto-detecting
*geometry* detected driver: pdftex
*geometry* verbose mode - [ preamble ] result:
* driver: pdftex
* paper: <default>
* layout: <same size as paper>
* layoutoffset:(h,v)=(0.0pt,0.0pt)
* modes: 
* h-part:(L,W,R)=(54.2025pt, 505.89pt, 54.2025pt)
* v-part:(T,H,B)=(54.2025pt, 686.56499pt, 54.2025pt)
* \paperwidth=614.295pt
* \paperheight=794.96999pt
* \textwidth=505.89pt
* \textheight=686.56499pt
* \oddsidemargin=-18.06749pt
* \evensidemargin=-18.06749pt
* \topmargin=-55.06749pt
* \headheight=15.0pt
* \headsep=25.0pt
* \topskip=12.0pt
* \footskip=30.0pt
* \marginparwidth=44.0pt
* \marginparsep=10.0pt
* \columnsep=10.0pt
* \skip\footins=10.8pt plus 4.0pt minus 2.0pt
* \hoffset=0.0pt
* \voffset=0.0pt
* \mag=1000
* \@twocolumnfalse
* \@twosidefalse
* \@mparswitchfalse
* \@reversemarginfalse
* (1in=72.27pt=25.4mm, 1cm=28.453pt)


("C:\Users\Chad Collins\AppData\Local\Programs\MiKTeX 2.9\tex\context\base\supp
-pdf.mkii"
[Loading MPS to PDF converter (version 2006.09.02).]
\scratchcounter=\count136
\scratchdimen=\dimen193
\scratchbox=\box66
\nofMPsegments=\count137
\nofMParguments=\count138
\everyMPshowfont=\toks43
\MPscratchCnt=\count139
\MPscratchDim=\dimen194
\MPnumerator=\count140
\makeMPintoPDFobject=\count141
\everyMPtoPDFconversion=\toks44
) ABD: EveryShipout initializing macros
LaTeX Font Info:    Try loading font information for U+msa on input line 76.

("C:\Users\Chad Collins\AppData\Local\Programs\MiKTeX 2.9\tex\latex\amsfonts\um
sa.fd"
File: umsa.fd 2013/01/14 v3.01 AMS symbols A
)
LaTeX Font Info:    Try loading font information for U+msb on input line 76.

("C:\Users\Chad Collins\AppData\Local\Programs\MiKTeX 2.9\tex\latex\amsfonts\um
sb.fd"
File: umsb.fd 2013/01/14 v3.01 AMS symbols B
) <images/2.jpg, id=4, 1514.65875pt x 1345.025pt>
File: images/2.jpg Graphic file (type jpg)
 <use images/2.jpg>
Package pdftex.def Info: images/2.jpg used on input line 102.
(pdftex.def)             Requested size: 151.76854pt x 134.75665pt.

[1{C:/Users/Chad Collins/AppData/Local/MiKTeX/2.9/pdftex/config/pdftex.map}

 <./images/2.jpg>] [2] [3] <images/8.jpg, id=23, 1784.6675pt x 1124.2pt>
File: images/8.jpg Graphic file (type jpg)

<use images/8.jpg>
Package pdftex.def Info: images/8.jpg used on input line 196.
(pdftex.def)             Requested size: 202.3529pt x 127.45338pt.
 [4 <./images/8.jpg>]
<images/10.jpg, id=29, 2623.8025pt x 1984.41376pt>
File: images/10.jpg Graphic file (type jpg)
 <use images/10.jpg>
Package pdftex.def Info: images/10.jpg used on input line 223.
(pdftex.def)             Requested size: 252.94499pt x 191.27672pt.
 [5 <./images/10.jpg>] <images/11.jpg, id=33, 278.03876pt x 241.90375pt>
File: images/11.jpg Graphic file (type jpg)

<use images/11.jpg>
Package pdftex.def Info: images/11.jpg used on input line 240.
(pdftex.def)             Requested size: 252.94499pt x 220.07368pt.
 [6 <./images/11.jpg>]
<images/12.png, id=37, 612.03656pt x 278.54062pt>
File: images/12.png Graphic file (type png)
 <use images/12.png>
Package pdftex.def Info: images/12.png used on input line 252.
(pdftex.def)             Requested size: 252.94499pt x 115.11618pt.

<images/13.png, id=38, 414.04688pt x 194.97844pt>
File: images/13.png Graphic file (type png)
 <use images/13.png>
Package pdftex.def Info: images/13.png used on input line 264.
(pdftex.def)             Requested size: 252.94499pt x 119.11815pt.
 [7 <./images/12.png> <./images/13.png>]
<images/14.png, id=43, 783.67781pt x 362.10281pt>
File: images/14.png Graphic file (type png)
 <use images/14.png>
Package pdftex.def Info: images/14.png used on input line 275.
(pdftex.def)             Requested size: 354.12144pt x 163.62436pt.
 [8 <./images/14.png>] <images/15.png, id=47, 454.69875pt x 456.70625pt>
File: images/15.png Graphic file (type png)

<use images/15.png>
Package pdftex.def Info: images/15.png used on input line 284.
(pdftex.def)             Requested size: 252.94499pt x 254.0673pt.
 <images/15-1.png, id=48, 459.96844pt x 446.41782pt>
File: images/15-1.png Graphic file (type png)

<use images/15-1.png>
Package pdftex.def Info: images/15-1.png used on input line 287.
(pdftex.def)             Requested size: 252.94499pt x 245.49649pt.
 [9 <./images/15.png (PNG copy)> <./images/15-1.png>]
[10] <images/16-1.png, id=55, 709.90219pt x 246.1697pt>
File: images/16-1.png Graphic file (type png)
 <use images/16-1.png>
Package pdftex.def Info: images/16-1.png used on input line 340.
(pdftex.def)             Requested size: 354.12144pt x 122.79906pt.

<images/16-2.jpg, id=56, 2055.68pt x 870.25125pt>
File: images/16-2.jpg Graphic file (type jpg)
 <use images/16-2.jpg>
Package pdftex.def Info: images/16-2.jpg used on input line 343.
(pdftex.def)             Requested size: 354.12144pt x 149.90604pt.

[11 <./images/16-1.png> <./images/16-2.jpg>]
<images/17.png, id=60, 182.18062pt x 204.765pt>
File: images/17.png Graphic file (type png)
 <use images/17.png>
Package pdftex.def Info: images/17.png used on input line 353.
(pdftex.def)             Requested size: 151.76854pt x 170.58916pt.
 [12 <./images/17.png>] <images/19.png, id=64, 483.8075pt x 356.33125pt>
File: images/19.png Graphic file (type png)

<use images/19.png>
Package pdftex.def Info: images/19.png used on input line 374.
(pdftex.def)             Requested size: 227.64894pt x 167.666pt.
 [13 <./images/19.png (PNG copy)>]
<images/21.png, id=69, 453.695pt x 352.31625pt>
File: images/21.png Graphic file (type png)
 <use images/21.png>
Package pdftex.def Info: images/21.png used on input line 398.
(pdftex.def)             Requested size: 227.64894pt x 176.7813pt.
 [14 <./images/21.png (PNG copy)>] [15] [16] [17] [18] [19] [20] [21] [22] [23]
 [24]
<images/39-2.png, id=104, 338.01282pt x 199.49532pt>
File: images/39-2.png Graphic file (type png)
 <use images/39-2.png>
Package pdftex.def Info: images/39-2.png used on input line 885.
(pdftex.def)             Requested size: 252.94499pt x 149.29234pt.

<images/39-1.png, id=105, 477.28313pt x 309.40594pt>
File: images/39-1.png Graphic file (type png)
 <use images/39-1.png>
Package pdftex.def Info: images/39-1.png used on input line 886.
(pdftex.def)             Requested size: 252.94499pt x 163.97491pt.

<images/39-3.png, id=106, 299.61937pt x 410.2828pt>
File: images/39-3.png Graphic file (type png)
 <use images/39-3.png>
Package pdftex.def Info: images/39-3.png used on input line 887.
(pdftex.def)             Requested size: 202.3529pt x 277.09798pt.

[25 <./images/39-2.png> <./images/39-1.png> <./images/39-3.png>] [26] [27]
[28] <images/44-1.png, id=120, 476.78125pt x 232.87pt>
File: images/44-1.png Graphic file (type png)
 <use images/44-1.png>
Package pdftex.def Info: images/44-1.png used on input line 1071.
(pdftex.def)             Requested size: 238.39003pt x 116.43471pt.

<images/44-2.png, id=121, 506.89375pt x 249.93375pt>
File: images/44-2.png Graphic file (type png)
 <use images/44-2.png>
Package pdftex.def Info: images/44-2.png used on input line 1072.
(pdftex.def)             Requested size: 253.44626pt x 124.96657pt.

[29] <images/45-1.png, id=125, 379.4175pt x 199.74625pt>
File: images/45-1.png Graphic file (type png)
 <use images/45-1.png>
Package pdftex.def Info: images/45-1.png used on input line 1086.
(pdftex.def)             Requested size: 189.70828pt x 99.87288pt.

<images/45-2.png, id=126, 572.1375pt x 325.215pt>
File: images/45-2.png Graphic file (type png)
 <use images/45-2.png>
Package pdftex.def Info: images/45-2.png used on input line 1095.
(pdftex.def)             Requested size: 286.06804pt x 162.6071pt.

[30 <./images/44-1.png> <./images/44-2.png> <./images/45-1.png>]
<images/45-3.png, id=131, 614.295pt x 331.2375pt>
File: images/45-3.png Graphic file (type png)
 <use images/45-3.png>
Package pdftex.def Info: images/45-3.png used on input line 1099.
(pdftex.def)             Requested size: 307.14674pt x 165.61833pt.

<images/45-4.png, id=132, 520.94624pt x 279.0425pt>
File: images/45-4.png Graphic file (type png)
 <use images/45-4.png>
Package pdftex.def Info: images/45-4.png used on input line 1107.
(pdftex.def)             Requested size: 260.47249pt x 139.5209pt.

[31 <./images/45-2.png> <./images/45-3.png>] [32 <./images/45-4.png>]
<images/47.png, id=140, 948.54375pt x 684.5575pt>
File: images/47.png Graphic file (type png)
 <use images/47.png>
Package pdftex.def Info: images/47.png used on input line 1128.
(pdftex.def)             Requested size: 474.2707pt x 342.27791pt.

<images/48.png, id=141, 649.42625pt x 258.9675pt>
File: images/48.png Graphic file (type png)
 <use images/48.png>
Package pdftex.def Info: images/48.png used on input line 1136.
(pdftex.def)             Requested size: 252.94499pt x 100.86255pt.
 [33 <./images/47.png> <./images/48.png>]
<images/49-1.png, id=145, 346.29375pt x 216.81pt>
File: images/49-1.png Graphic file (type png)
 <use images/49-1.png>
Package pdftex.def Info: images/49-1.png used on input line 1146.
(pdftex.def)             Requested size: 252.94499pt x 158.36922pt.

<images/49-2.png, id=146, 325.215pt x 202.7575pt>
File: images/49-2.png Graphic file (type png)
 <use images/49-2.png>
Package pdftex.def Info: images/49-2.png used on input line 1151.
(pdftex.def)             Requested size: 252.94499pt x 157.7047pt.

[34 <./images/49-1.png> <./images/49-2.png>]
File: images/48.png Graphic file (type png)
 <use images/48.png>
Package pdftex.def Info: images/48.png used on input line 1158.
(pdftex.def)             Requested size: 252.94499pt x 100.86255pt.
 [35]
<images/53.png, id=155, 634.37pt x 657.45625pt>
File: images/53.png Graphic file (type png)
 <use images/53.png>
Package pdftex.def Info: images/53.png used on input line 1205.
(pdftex.def)             Requested size: 317.18422pt x 328.72733pt.
 [36 <./images/53.png>] [37]
File: images/47.png Graphic file (type png)
 <use images/47.png>
Package pdftex.def Info: images/47.png used on input line 1281.
(pdftex.def)             Requested size: 379.41077pt x 273.81815pt.
 [38] [39] [40] (portfolio.aux) ) 
Here is how much of TeX's memory you used:
 14588 strings out of 493634
 298408 string characters out of 3132381
 345239 words of memory out of 3000000
 17678 multiletter control sequences out of 15000+200000
 9560 words of font info for 36 fonts, out of 3000000 for 9000
 1025 hyphenation exceptions out of 8191
 61i,16n,84p,1145b,469s stack positions out of 5000i,500n,10000p,200000b,50000s
<C:/Users/Chad Collins/AppData/Local/Programs/
MiKTeX 2.9/fonts/type1/public/amsfonts/cm/cmbx12.pfb><C:/Users/Chad Collins/App
Data/Local/Programs/MiKTeX 2.9/fonts/type1/public/amsfonts/cm/cmex10.pfb><C:/Us
ers/Chad Collins/AppData/Local/Programs/MiKTeX 2.9/fonts/type1/public/amsfonts/
cm/cmmi12.pfb><C:/Users/Chad Collins/AppData/Local/Programs/MiKTeX 2.9/fonts/ty
pe1/public/amsfonts/cm/cmmi6.pfb><C:/Users/Chad Collins/AppData/Local/Programs/
MiKTeX 2.9/fonts/type1/public/amsfonts/cm/cmmi8.pfb><C:/Users/Chad Collins/AppD
ata/Local/Programs/MiKTeX 2.9/fonts/type1/public/amsfonts/cm/cmr12.pfb><C:/User
s/Chad Collins/AppData/Local/Programs/MiKTeX 2.9/fonts/type1/public/amsfonts/cm
/cmr6.pfb><C:/Users/Chad Collins/AppData/Local/Programs/MiKTeX 2.9/fonts/type1/
public/amsfonts/cm/cmr8.pfb><C:/Users/Chad Collins/AppData/Local/Programs/MiKTe
X 2.9/fonts/type1/public/amsfonts/cm/cmsy10.pfb><C:/Users/Chad Collins/AppData/
Local/Programs/MiKTeX 2.9/fonts/type1/public/amsfonts/cm/cmsy6.pfb><C:/Users/Ch
ad Collins/AppData/Local/Programs/MiKTeX 2.9/fonts/type1/public/amsfonts/cm/cms
y8.pfb><C:/Users/Chad Collins/AppData/Local/Programs/MiKTeX 2.9/fonts/type1/pub
lic/amsfonts/cm/cmti12.pfb><C:/Users/Chad Collins/AppData/Local/Programs/MiKTeX
 2.9/fonts/type1/public/amsfonts/symbols/msbm10.pfb>
Output written on portfolio.pdf (40 pages, 2779092 bytes).
PDF statistics:
 215 PDF objects out of 1000 (max. 8388607)
 0 named destinations out of 1000 (max. 500000)
 153 words of extra memory for PDF output out of 10000 (max. 10000000)

